2024-03-15 00:00:10,685 [ERROR] LogOutputStream:75 - [STDERR_REDIRECT] Mar 15, 2024 12:00:10 AM java.util.prefs.FileSystemPreferences checkLockFile0ErrorCode
2024-03-15 00:00:10,726 [ERROR] LogOutputStream:75 - [STDERR_REDIRECT] WARNING: Could not lock System prefs. Unix error code 1360689769.
2024-03-15 00:00:10,726 [ERROR] LogOutputStream:75 - [STDERR_REDIRECT] 
2024-03-15 00:00:10,727 [ERROR] LogOutputStream:75 - [STDERR_REDIRECT] Mar 15, 2024 12:00:10 AM java.util.prefs.FileSystemPreferences syncWorld
2024-03-15 00:00:10,727 [ERROR] LogOutputStream:75 - [STDERR_REDIRECT] WARNING: Couldn't flush system prefs: java.util.prefs.BackingStoreException: Couldn't get file lock.
2024-03-15 00:00:10,727 [ERROR] LogOutputStream:75 - [STDERR_REDIRECT] 
2024-03-15 00:00:40,685 [ERROR] LogOutputStream:75 - [STDERR_REDIRECT] Mar 15, 2024 12:00:40 AM java.util.prefs.FileSystemPreferences checkLockFile0ErrorCode
2024-03-15 00:00:40,685 [ERROR] LogOutputStream:75 - [STDERR_REDIRECT] WARNING: Could not lock System prefs. Unix error code 1360689769.
2024-03-15 00:00:40,685 [ERROR] LogOutputStream:75 - [STDERR_REDIRECT] 
2024-03-15 00:00:40,685 [ERROR] LogOutputStream:75 - [STDERR_REDIRECT] Mar 15, 2024 12:00:40 AM java.util.prefs.FileSystemPreferences syncWorld
2024-03-15 00:00:40,685 [ERROR] LogOutputStream:75 - [STDERR_REDIRECT] WARNING: Couldn't flush system prefs: java.util.prefs.BackingStoreException: Couldn't get file lock.
2024-03-15 00:00:40,685 [ERROR] LogOutputStream:75 - [STDERR_REDIRECT] 
2024-03-15 00:01:10,685 [ERROR] LogOutputStream:75 - [STDERR_REDIRECT] Mar 15, 2024 12:01:10 AM java.util.prefs.FileSystemPreferences checkLockFile0ErrorCode
2024-03-15 00:01:10,686 [ERROR] LogOutputStream:75 - [STDERR_REDIRECT] WARNING: Could not lock System prefs. Unix error code 1360689769.
2024-03-15 00:01:10,686 [ERROR] LogOutputStream:75 - [STDERR_REDIRECT] 
2024-03-15 00:01:10,687 [ERROR] LogOutputStream:75 - [STDERR_REDIRECT] Mar 15, 2024 12:01:10 AM java.util.prefs.FileSystemPreferences syncWorld
2024-03-15 00:01:10,687 [ERROR] LogOutputStream:75 - [STDERR_REDIRECT] WARNING: Couldn't flush system prefs: java.util.prefs.BackingStoreException: Couldn't get file lock.
2024-03-15 00:01:10,687 [ERROR] LogOutputStream:75 - [STDERR_REDIRECT] 
2024-03-15 00:01:40,686 [ERROR] LogOutputStream:75 - [STDERR_REDIRECT] Mar 15, 2024 12:01:40 AM java.util.prefs.FileSystemPreferences checkLockFile0ErrorCode
2024-03-15 00:01:40,686 [ERROR] LogOutputStream:75 - [STDERR_REDIRECT] WARNING: Could not lock System prefs. Unix error code 1360689769.
2024-03-15 00:01:40,687 [ERROR] LogOutputStream:75 - [STDERR_REDIRECT] 
2024-03-15 00:01:40,687 [ERROR] LogOutputStream:75 - [STDERR_REDIRECT] Mar 15, 2024 12:01:40 AM java.util.prefs.FileSystemPreferences syncWorld
2024-03-15 00:01:40,687 [ERROR] LogOutputStream:75 - [STDERR_REDIRECT] WARNING: Couldn't flush system prefs: java.util.prefs.BackingStoreException: Couldn't get file lock.
2024-03-15 00:01:40,688 [ERROR] LogOutputStream:75 - [STDERR_REDIRECT] 
2024-03-15 00:02:10,686 [ERROR] LogOutputStream:75 - [STDERR_REDIRECT] Mar 15, 2024 12:02:10 AM java.util.prefs.FileSystemPreferences checkLockFile0ErrorCode
2024-03-15 00:02:10,686 [ERROR] LogOutputStream:75 - [STDERR_REDIRECT] WARNING: Could not lock System prefs. Unix error code 1360689769.
2024-03-15 00:02:10,686 [ERROR] LogOutputStream:75 - [STDERR_REDIRECT] 
2024-03-15 00:02:10,687 [ERROR] LogOutputStream:75 - [STDERR_REDIRECT] Mar 15, 2024 12:02:10 AM java.util.prefs.FileSystemPreferences syncWorld
2024-03-15 00:02:10,687 [ERROR] LogOutputStream:75 - [STDERR_REDIRECT] WARNING: Couldn't flush system prefs: java.util.prefs.BackingStoreException: Couldn't get file lock.
2024-03-15 00:02:10,687 [ERROR] LogOutputStream:75 - [STDERR_REDIRECT] 
2024-03-15 00:02:40,687 [ERROR] LogOutputStream:75 - [STDERR_REDIRECT] Mar 15, 2024 12:02:40 AM java.util.prefs.FileSystemPreferences checkLockFile0ErrorCode
2024-03-15 00:02:40,687 [ERROR] LogOutputStream:75 - [STDERR_REDIRECT] WARNING: Could not lock System prefs. Unix error code 1360689769.
2024-03-15 00:02:40,687 [ERROR] LogOutputStream:75 - [STDERR_REDIRECT] 
2024-03-15 00:02:40,688 [ERROR] LogOutputStream:75 - [STDERR_REDIRECT] Mar 15, 2024 12:02:40 AM java.util.prefs.FileSystemPreferences syncWorld
2024-03-15 00:02:40,688 [ERROR] LogOutputStream:75 - [STDERR_REDIRECT] WARNING: Couldn't flush system prefs: java.util.prefs.BackingStoreException: Couldn't get file lock.
2024-03-15 00:02:40,689 [ERROR] LogOutputStream:75 - [STDERR_REDIRECT] 
2024-03-15 00:03:10,686 [ERROR] LogOutputStream:75 - [STDERR_REDIRECT] Mar 15, 2024 12:03:10 AM java.util.prefs.FileSystemPreferences checkLockFile0ErrorCode
2024-03-15 00:03:10,686 [ERROR] LogOutputStream:75 - [STDERR_REDIRECT] WARNING: Could not lock System prefs. Unix error code 1360689769.
2024-03-15 00:03:10,695 [ERROR] LogOutputStream:75 - [STDERR_REDIRECT] 
2024-03-15 00:03:10,696 [ERROR] LogOutputStream:75 - [STDERR_REDIRECT] Mar 15, 2024 12:03:10 AM java.util.prefs.FileSystemPreferences syncWorld
2024-03-15 00:03:10,696 [ERROR] LogOutputStream:75 - [STDERR_REDIRECT] WARNING: Couldn't flush system prefs: java.util.prefs.BackingStoreException: Couldn't get file lock.
2024-03-15 00:03:10,696 [ERROR] LogOutputStream:75 - [STDERR_REDIRECT] 
2024-03-15 00:03:40,687 [ERROR] LogOutputStream:75 - [STDERR_REDIRECT] Mar 15, 2024 12:03:40 AM java.util.prefs.FileSystemPreferences checkLockFile0ErrorCode
2024-03-15 00:03:40,687 [ERROR] LogOutputStream:75 - [STDERR_REDIRECT] WARNING: Could not lock System prefs. Unix error code 1360689769.
2024-03-15 00:03:40,687 [ERROR] LogOutputStream:75 - [STDERR_REDIRECT] 
2024-03-15 00:03:40,688 [ERROR] LogOutputStream:75 - [STDERR_REDIRECT] Mar 15, 2024 12:03:40 AM java.util.prefs.FileSystemPreferences syncWorld
2024-03-15 00:03:40,688 [ERROR] LogOutputStream:75 - [STDERR_REDIRECT] WARNING: Couldn't flush system prefs: java.util.prefs.BackingStoreException: Couldn't get file lock.
2024-03-15 00:03:40,688 [ERROR] LogOutputStream:75 - [STDERR_REDIRECT] 
2024-03-15 00:04:10,687 [ERROR] LogOutputStream:75 - [STDERR_REDIRECT] Mar 15, 2024 12:04:10 AM java.util.prefs.FileSystemPreferences checkLockFile0ErrorCode
2024-03-15 00:04:10,687 [ERROR] LogOutputStream:75 - [STDERR_REDIRECT] WARNING: Could not lock System prefs. Unix error code 1360689769.
2024-03-15 00:04:10,687 [ERROR] LogOutputStream:75 - [STDERR_REDIRECT] 
2024-03-15 00:04:10,688 [ERROR] LogOutputStream:75 - [STDERR_REDIRECT] Mar 15, 2024 12:04:10 AM java.util.prefs.FileSystemPreferences syncWorld
2024-03-15 00:04:10,688 [ERROR] LogOutputStream:75 - [STDERR_REDIRECT] WARNING: Couldn't flush system prefs: java.util.prefs.BackingStoreException: Couldn't get file lock.
2024-03-15 00:04:10,688 [ERROR] LogOutputStream:75 - [STDERR_REDIRECT] 
2024-03-15 00:04:40,697 [ERROR] LogOutputStream:75 - [STDERR_REDIRECT] Mar 15, 2024 12:04:40 AM java.util.prefs.FileSystemPreferences checkLockFile0ErrorCode
2024-03-15 00:04:40,698 [ERROR] LogOutputStream:75 - [STDERR_REDIRECT] WARNING: Could not lock System prefs. Unix error code 1360689769.
2024-03-15 00:04:40,698 [ERROR] LogOutputStream:75 - [STDERR_REDIRECT] 
2024-03-15 00:04:40,698 [ERROR] LogOutputStream:75 - [STDERR_REDIRECT] Mar 15, 2024 12:04:40 AM java.util.prefs.FileSystemPreferences syncWorld
2024-03-15 00:04:40,698 [ERROR] LogOutputStream:75 - [STDERR_REDIRECT] WARNING: Couldn't flush system prefs: java.util.prefs.BackingStoreException: Couldn't get file lock.
2024-03-15 00:04:40,698 [ERROR] LogOutputStream:75 - [STDERR_REDIRECT] 
2024-03-15 00:05:10,687 [ERROR] LogOutputStream:75 - [STDERR_REDIRECT] Mar 15, 2024 12:05:10 AM java.util.prefs.FileSystemPreferences checkLockFile0ErrorCode
2024-03-15 00:05:10,687 [ERROR] LogOutputStream:75 - [STDERR_REDIRECT] WARNING: Could not lock System prefs. Unix error code 1360689769.
2024-03-15 00:05:10,687 [ERROR] LogOutputStream:75 - [STDERR_REDIRECT] 
2024-03-15 00:05:10,688 [ERROR] LogOutputStream:75 - [STDERR_REDIRECT] Mar 15, 2024 12:05:10 AM java.util.prefs.FileSystemPreferences syncWorld
2024-03-15 00:05:10,688 [ERROR] LogOutputStream:75 - [STDERR_REDIRECT] WARNING: Couldn't flush system prefs: java.util.prefs.BackingStoreException: Couldn't get file lock.
2024-03-15 00:05:10,688 [ERROR] LogOutputStream:75 - [STDERR_REDIRECT] 
2024-03-15 00:05:40,686 [ERROR] LogOutputStream:75 - [STDERR_REDIRECT] Mar 15, 2024 12:05:40 AM java.util.prefs.FileSystemPreferences checkLockFile0ErrorCode
2024-03-15 00:05:40,686 [ERROR] LogOutputStream:75 - [STDERR_REDIRECT] WARNING: Could not lock System prefs. Unix error code 1360689769.
2024-03-15 00:05:40,686 [ERROR] LogOutputStream:75 - [STDERR_REDIRECT] 
2024-03-15 00:05:40,687 [ERROR] LogOutputStream:75 - [STDERR_REDIRECT] Mar 15, 2024 12:05:40 AM java.util.prefs.FileSystemPreferences syncWorld
2024-03-15 00:05:40,687 [ERROR] LogOutputStream:75 - [STDERR_REDIRECT] WARNING: Couldn't flush system prefs: java.util.prefs.BackingStoreException: Couldn't get file lock.
2024-03-15 00:05:40,687 [ERROR] LogOutputStream:75 - [STDERR_REDIRECT] 
2024-03-15 00:06:10,687 [ERROR] LogOutputStream:75 - [STDERR_REDIRECT] Mar 15, 2024 12:06:10 AM java.util.prefs.FileSystemPreferences checkLockFile0ErrorCode
2024-03-15 00:06:10,687 [ERROR] LogOutputStream:75 - [STDERR_REDIRECT] WARNING: Could not lock System prefs. Unix error code 1360689769.
2024-03-15 00:06:10,687 [ERROR] LogOutputStream:75 - [STDERR_REDIRECT] 
2024-03-15 00:06:10,688 [ERROR] LogOutputStream:75 - [STDERR_REDIRECT] Mar 15, 2024 12:06:10 AM java.util.prefs.FileSystemPreferences syncWorld
2024-03-15 00:06:10,688 [ERROR] LogOutputStream:75 - [STDERR_REDIRECT] WARNING: Couldn't flush system prefs: java.util.prefs.BackingStoreException: Couldn't get file lock.
2024-03-15 00:06:10,688 [ERROR] LogOutputStream:75 - [STDERR_REDIRECT] 
2024-03-15 00:06:40,690 [ERROR] LogOutputStream:75 - [STDERR_REDIRECT] Mar 15, 2024 12:06:40 AM java.util.prefs.FileSystemPreferences checkLockFile0ErrorCode
2024-03-15 00:06:40,690 [ERROR] LogOutputStream:75 - [STDERR_REDIRECT] WARNING: Could not lock System prefs. Unix error code 1360689769.
2024-03-15 00:06:40,691 [ERROR] LogOutputStream:75 - [STDERR_REDIRECT] 
2024-03-15 00:06:40,691 [ERROR] LogOutputStream:75 - [STDERR_REDIRECT] Mar 15, 2024 12:06:40 AM java.util.prefs.FileSystemPreferences syncWorld
2024-03-15 00:06:40,692 [ERROR] LogOutputStream:75 - [STDERR_REDIRECT] WARNING: Couldn't flush system prefs: java.util.prefs.BackingStoreException: Couldn't get file lock.
2024-03-15 00:06:40,692 [ERROR] LogOutputStream:75 - [STDERR_REDIRECT] 
2024-03-15 00:07:10,687 [ERROR] LogOutputStream:75 - [STDERR_REDIRECT] Mar 15, 2024 12:07:10 AM java.util.prefs.FileSystemPreferences checkLockFile0ErrorCode
2024-03-15 00:07:10,688 [ERROR] LogOutputStream:75 - [STDERR_REDIRECT] WARNING: Could not lock System prefs. Unix error code 1360689769.
2024-03-15 00:07:10,688 [ERROR] LogOutputStream:75 - [STDERR_REDIRECT] 
2024-03-15 00:07:10,689 [ERROR] LogOutputStream:75 - [STDERR_REDIRECT] Mar 15, 2024 12:07:10 AM java.util.prefs.FileSystemPreferences syncWorld
2024-03-15 00:07:10,689 [ERROR] LogOutputStream:75 - [STDERR_REDIRECT] WARNING: Couldn't flush system prefs: java.util.prefs.BackingStoreException: Couldn't get file lock.
2024-03-15 00:07:10,689 [ERROR] LogOutputStream:75 - [STDERR_REDIRECT] 
2024-03-15 00:07:40,688 [ERROR] LogOutputStream:75 - [STDERR_REDIRECT] Mar 15, 2024 12:07:40 AM java.util.prefs.FileSystemPreferences checkLockFile0ErrorCode
2024-03-15 00:07:40,688 [ERROR] LogOutputStream:75 - [STDERR_REDIRECT] WARNING: Could not lock System prefs. Unix error code 1360689769.
2024-03-15 00:07:40,689 [ERROR] LogOutputStream:75 - [STDERR_REDIRECT] 
2024-03-15 00:07:40,689 [ERROR] LogOutputStream:75 - [STDERR_REDIRECT] Mar 15, 2024 12:07:40 AM java.util.prefs.FileSystemPreferences syncWorld
2024-03-15 00:07:40,690 [ERROR] LogOutputStream:75 - [STDERR_REDIRECT] WARNING: Couldn't flush system prefs: java.util.prefs.BackingStoreException: Couldn't get file lock.
2024-03-15 00:07:40,690 [ERROR] LogOutputStream:75 - [STDERR_REDIRECT] 
2024-03-15 00:08:10,687 [ERROR] LogOutputStream:75 - [STDERR_REDIRECT] Mar 15, 2024 12:08:10 AM java.util.prefs.FileSystemPreferences checkLockFile0ErrorCode
2024-03-15 00:08:10,688 [ERROR] LogOutputStream:75 - [STDERR_REDIRECT] WARNING: Could not lock System prefs. Unix error code 1360689769.
2024-03-15 00:08:10,688 [ERROR] LogOutputStream:75 - [STDERR_REDIRECT] 
2024-03-15 00:08:10,689 [ERROR] LogOutputStream:75 - [STDERR_REDIRECT] Mar 15, 2024 12:08:10 AM java.util.prefs.FileSystemPreferences syncWorld
2024-03-15 00:08:10,689 [ERROR] LogOutputStream:75 - [STDERR_REDIRECT] WARNING: Couldn't flush system prefs: java.util.prefs.BackingStoreException: Couldn't get file lock.
2024-03-15 00:08:10,689 [ERROR] LogOutputStream:75 - [STDERR_REDIRECT] 
2024-03-15 00:08:40,688 [ERROR] LogOutputStream:75 - [STDERR_REDIRECT] Mar 15, 2024 12:08:40 AM java.util.prefs.FileSystemPreferences checkLockFile0ErrorCode
2024-03-15 00:08:40,688 [ERROR] LogOutputStream:75 - [STDERR_REDIRECT] WARNING: Could not lock System prefs. Unix error code 1360689769.
2024-03-15 00:08:40,688 [ERROR] LogOutputStream:75 - [STDERR_REDIRECT] 
2024-03-15 00:08:40,689 [ERROR] LogOutputStream:75 - [STDERR_REDIRECT] Mar 15, 2024 12:08:40 AM java.util.prefs.FileSystemPreferences syncWorld
2024-03-15 00:08:40,689 [ERROR] LogOutputStream:75 - [STDERR_REDIRECT] WARNING: Couldn't flush system prefs: java.util.prefs.BackingStoreException: Couldn't get file lock.
2024-03-15 00:08:40,690 [ERROR] LogOutputStream:75 - [STDERR_REDIRECT] 
2024-03-15 00:09:10,722 [ERROR] LogOutputStream:75 - [STDERR_REDIRECT] Mar 15, 2024 12:09:10 AM java.util.prefs.FileSystemPreferences checkLockFile0ErrorCode
2024-03-15 00:09:10,723 [ERROR] LogOutputStream:75 - [STDERR_REDIRECT] WARNING: Could not lock System prefs. Unix error code 1360689769.
2024-03-15 00:09:10,723 [ERROR] LogOutputStream:75 - [STDERR_REDIRECT] 
2024-03-15 00:09:10,723 [ERROR] LogOutputStream:75 - [STDERR_REDIRECT] Mar 15, 2024 12:09:10 AM java.util.prefs.FileSystemPreferences syncWorld
2024-03-15 00:09:10,723 [ERROR] LogOutputStream:75 - [STDERR_REDIRECT] WARNING: Couldn't flush system prefs: java.util.prefs.BackingStoreException: Couldn't get file lock.
2024-03-15 00:09:10,724 [ERROR] LogOutputStream:75 - [STDERR_REDIRECT] 
2024-03-15 00:09:40,688 [ERROR] LogOutputStream:75 - [STDERR_REDIRECT] Mar 15, 2024 12:09:40 AM java.util.prefs.FileSystemPreferences checkLockFile0ErrorCode
2024-03-15 00:09:40,688 [ERROR] LogOutputStream:75 - [STDERR_REDIRECT] WARNING: Could not lock System prefs. Unix error code 1360689769.
2024-03-15 00:09:40,723 [ERROR] LogOutputStream:75 - [STDERR_REDIRECT] 
2024-03-15 00:09:40,723 [ERROR] LogOutputStream:75 - [STDERR_REDIRECT] Mar 15, 2024 12:09:40 AM java.util.prefs.FileSystemPreferences syncWorld
2024-03-15 00:09:40,723 [ERROR] LogOutputStream:75 - [STDERR_REDIRECT] WARNING: Couldn't flush system prefs: java.util.prefs.BackingStoreException: Couldn't get file lock.
2024-03-15 00:09:40,724 [ERROR] LogOutputStream:75 - [STDERR_REDIRECT] 
2024-03-15 00:10:10,688 [ERROR] LogOutputStream:75 - [STDERR_REDIRECT] Mar 15, 2024 12:10:10 AM java.util.prefs.FileSystemPreferences checkLockFile0ErrorCode
2024-03-15 00:10:10,689 [ERROR] LogOutputStream:75 - [STDERR_REDIRECT] WARNING: Could not lock System prefs. Unix error code 1360689769.
2024-03-15 00:10:10,698 [ERROR] LogOutputStream:75 - [STDERR_REDIRECT] 
2024-03-15 00:10:10,699 [ERROR] LogOutputStream:75 - [STDERR_REDIRECT] Mar 15, 2024 12:10:10 AM java.util.prefs.FileSystemPreferences syncWorld
2024-03-15 00:10:10,699 [ERROR] LogOutputStream:75 - [STDERR_REDIRECT] WARNING: Couldn't flush system prefs: java.util.prefs.BackingStoreException: Couldn't get file lock.
2024-03-15 00:10:10,699 [ERROR] LogOutputStream:75 - [STDERR_REDIRECT] 
2024-03-15 00:10:40,689 [ERROR] LogOutputStream:75 - [STDERR_REDIRECT] Mar 15, 2024 12:10:40 AM java.util.prefs.FileSystemPreferences checkLockFile0ErrorCode
2024-03-15 00:10:40,689 [ERROR] LogOutputStream:75 - [STDERR_REDIRECT] WARNING: Could not lock System prefs. Unix error code 1360689769.
2024-03-15 00:10:40,698 [ERROR] LogOutputStream:75 - [STDERR_REDIRECT] 
2024-03-15 00:10:40,699 [ERROR] LogOutputStream:75 - [STDERR_REDIRECT] Mar 15, 2024 12:10:40 AM java.util.prefs.FileSystemPreferences syncWorld
2024-03-15 00:10:40,699 [ERROR] LogOutputStream:75 - [STDERR_REDIRECT] WARNING: Couldn't flush system prefs: java.util.prefs.BackingStoreException: Couldn't get file lock.
2024-03-15 00:10:40,700 [ERROR] LogOutputStream:75 - [STDERR_REDIRECT] 
2024-03-15 00:11:10,689 [ERROR] LogOutputStream:75 - [STDERR_REDIRECT] Mar 15, 2024 12:11:10 AM java.util.prefs.FileSystemPreferences checkLockFile0ErrorCode
2024-03-15 00:11:10,690 [ERROR] LogOutputStream:75 - [STDERR_REDIRECT] WARNING: Could not lock System prefs. Unix error code 1360689769.
2024-03-15 00:11:10,724 [ERROR] LogOutputStream:75 - [STDERR_REDIRECT] 
2024-03-15 00:11:10,725 [ERROR] LogOutputStream:75 - [STDERR_REDIRECT] Mar 15, 2024 12:11:10 AM java.util.prefs.FileSystemPreferences syncWorld
2024-03-15 00:11:10,725 [ERROR] LogOutputStream:75 - [STDERR_REDIRECT] WARNING: Couldn't flush system prefs: java.util.prefs.BackingStoreException: Couldn't get file lock.
2024-03-15 00:11:10,726 [ERROR] LogOutputStream:75 - [STDERR_REDIRECT] 
2024-03-15 00:11:40,689 [ERROR] LogOutputStream:75 - [STDERR_REDIRECT] Mar 15, 2024 12:11:40 AM java.util.prefs.FileSystemPreferences checkLockFile0ErrorCode
2024-03-15 00:11:40,689 [ERROR] LogOutputStream:75 - [STDERR_REDIRECT] WARNING: Could not lock System prefs. Unix error code 1360689769.
2024-03-15 00:11:40,689 [ERROR] LogOutputStream:75 - [STDERR_REDIRECT] 
2024-03-15 00:11:40,690 [ERROR] LogOutputStream:75 - [STDERR_REDIRECT] Mar 15, 2024 12:11:40 AM java.util.prefs.FileSystemPreferences syncWorld
2024-03-15 00:11:40,690 [ERROR] LogOutputStream:75 - [STDERR_REDIRECT] WARNING: Couldn't flush system prefs: java.util.prefs.BackingStoreException: Couldn't get file lock.
2024-03-15 00:11:40,690 [ERROR] LogOutputStream:75 - [STDERR_REDIRECT] 
2024-03-15 00:12:10,689 [ERROR] LogOutputStream:75 - [STDERR_REDIRECT] Mar 15, 2024 12:12:10 AM java.util.prefs.FileSystemPreferences checkLockFile0ErrorCode
2024-03-15 00:12:10,689 [ERROR] LogOutputStream:75 - [STDERR_REDIRECT] WARNING: Could not lock System prefs. Unix error code 1360689769.
2024-03-15 00:12:10,689 [ERROR] LogOutputStream:75 - [STDERR_REDIRECT] 
2024-03-15 00:12:10,690 [ERROR] LogOutputStream:75 - [STDERR_REDIRECT] Mar 15, 2024 12:12:10 AM java.util.prefs.FileSystemPreferences syncWorld
2024-03-15 00:12:10,690 [ERROR] LogOutputStream:75 - [STDERR_REDIRECT] WARNING: Couldn't flush system prefs: java.util.prefs.BackingStoreException: Couldn't get file lock.
2024-03-15 00:12:10,690 [ERROR] LogOutputStream:75 - [STDERR_REDIRECT] 
2024-03-15 00:12:13,915 [ERROR] LogOutputStream:75 - [STDERR_REDIRECT] 
2024-03-15 00:12:13,916 [ERROR] LogOutputStream:75 - [STDERR_REDIRECT] 
2024-03-15 10:11:30,373 [INFO] Activator:176 - 


2024-03-15 10:11:30,375 [INFO] Activator:177 - !SESSION log4j initialized
2024-03-15 10:11:34,560 [INFO] LogOutputStream:77 - [STDOUT_REDIRECT] 
2024-03-15 10:11:37,557 [INFO] ApplicationProperties:184 - Using Application install path: /opt/st/stm32cubeide_1.14.0/plugins/com.st.stm32cube.common.mx_6.10.0.202311202037
2024-03-15 10:11:37,586 [INFO] DbMcusXml:78 - Set database path to: /opt/st/stm32cubeide_1.14.0/plugins/com.st.stm32cube.common.mx_6.10.0.202311202037//db//mcu/
2024-03-15 10:11:37,587 [INFO] ApiDb:274 - Set plugin database path to: /opt/st/stm32cubeide_1.14.0/plugins/com.st.stm32cube.common.mx_6.10.0.202311202037//db//plugins/boardmanager/
2024-03-15 10:11:37,587 [WARN] ApiDb:259 - Overriding images path with different value:  => /opt/st/stm32cubeide_1.14.0/plugins/com.st.stm32cube.common.mx_6.10.0.202311202037//db//plugins/mcufinder/images/
2024-03-15 10:11:37,599 [INFO] ApiDb:250 - Set database path to: /home/growcast/.stmcufinder/plugins/mcufinder//mcu/
2024-03-15 10:11:37,602 [INFO] DbMcusAds:125 - Set database path to: /home/growcast/.stmcufinder/plugins/mcufinder//mcu/
2024-03-15 10:11:37,606 [INFO] CrossReferenceDbSqlite:203 - Set database path to: /home/growcast/.stmcufinder/plugins/mcufinder//mcu/cs/
2024-03-15 10:11:37,753 [INFO] RulesReader:64 - Compatibility file has been processed (297 Rules)
2024-03-15 10:11:37,813 [INFO] DbMcusXml:78 - Set database path to: /opt/st/stm32cubeide_1.14.0/plugins/com.st.stm32cube.common.mx_6.10.0.202311202037//db//mcu/
2024-03-15 10:11:37,813 [INFO] ApiDb:274 - Set plugin database path to: /opt/st/stm32cubeide_1.14.0/plugins/com.st.stm32cube.common.mx_6.10.0.202311202037//db//plugins/boardmanager/
2024-03-15 10:11:37,813 [INFO] ApiDb:261 - Set plugin images path to: /opt/st/stm32cubeide_1.14.0/plugins/com.st.stm32cube.common.mx_6.10.0.202311202037//db//plugins/mcufinder/images/
2024-03-15 10:11:37,814 [WARN] DbFile:41 - Overriding database path with different value: /home/growcast/.stmcufinder/plugins/mcufinder/ => /home/growcast/.stmcufinder/plugins/mcufinder
2024-03-15 10:11:37,814 [INFO] ApiDb:250 - Set database path to: /home/growcast/.stmcufinder/plugins/mcufinder//mcu/
2024-03-15 10:11:37,814 [WARN] DbFile:41 - Overriding database path with different value: /home/growcast/.stmcufinder/plugins/mcufinder/ => /home/growcast/.stmcufinder/plugins/mcufinder
2024-03-15 10:11:37,814 [INFO] DbMcusAds:125 - Set database path to: /home/growcast/.stmcufinder/plugins/mcufinder//mcu/
2024-03-15 10:11:37,814 [WARN] DbFile:41 - Overriding database path with different value: /home/growcast/.stmcufinder/plugins/mcufinder/ => /home/growcast/.stmcufinder/plugins/mcufinder
2024-03-15 10:11:37,814 [WARN] DbFile:41 - Overriding database path with different value: /home/growcast/.stmcufinder/plugins/mcufinder/ => /home/growcast/.stmcufinder/plugins/mcufinder
2024-03-15 10:11:37,814 [INFO] CrossReferenceDbSqlite:203 - Set database path to: /home/growcast/.stmcufinder/plugins/mcufinder//mcu/cs/
2024-03-15 10:11:37,875 [INFO] MainPanel:264 - HeapMemory: 268435456
2024-03-15 10:11:37,956 [INFO] DbMcusXml:78 - Set database path to: /opt/st/stm32cubeide_1.14.0/plugins/com.st.stm32cube.common.mx_6.10.0.202311202037//db//mcu/
2024-03-15 10:11:37,956 [INFO] ApiDb:274 - Set plugin database path to: /opt/st/stm32cubeide_1.14.0/plugins/com.st.stm32cube.common.mx_6.10.0.202311202037//db//plugins/boardmanager/
2024-03-15 10:11:37,956 [INFO] ApiDb:261 - Set plugin images path to: /opt/st/stm32cubeide_1.14.0/plugins/com.st.stm32cube.common.mx_6.10.0.202311202037//db//plugins/mcufinder/images/
2024-03-15 10:11:37,957 [WARN] DbFile:41 - Overriding database path with different value: /home/growcast/.stmcufinder/plugins/mcufinder/ => /home/growcast/.stmcufinder/plugins/mcufinder
2024-03-15 10:11:37,957 [INFO] ApiDb:250 - Set database path to: /home/growcast/.stmcufinder/plugins/mcufinder//mcu/
2024-03-15 10:11:37,957 [WARN] DbFile:41 - Overriding database path with different value: /home/growcast/.stmcufinder/plugins/mcufinder/ => /home/growcast/.stmcufinder/plugins/mcufinder
2024-03-15 10:11:37,957 [INFO] DbMcusAds:125 - Set database path to: /home/growcast/.stmcufinder/plugins/mcufinder//mcu/
2024-03-15 10:11:37,957 [WARN] DbFile:41 - Overriding database path with different value: /home/growcast/.stmcufinder/plugins/mcufinder/ => /home/growcast/.stmcufinder/plugins/mcufinder
2024-03-15 10:11:37,957 [WARN] DbFile:41 - Overriding database path with different value: /home/growcast/.stmcufinder/plugins/mcufinder/ => /home/growcast/.stmcufinder/plugins/mcufinder
2024-03-15 10:11:37,957 [INFO] CrossReferenceDbSqlite:203 - Set database path to: /home/growcast/.stmcufinder/plugins/mcufinder//mcu/cs/
2024-03-15 10:11:37,968 [INFO] ApplicationProperties:184 - Using Application install path: /opt/st/stm32cubeide_1.14.0/plugins/com.st.stm32cube.common.mx_6.10.0.202311202037
2024-03-15 10:11:37,969 [INFO] PluginManage:196 - Search for loadable plugins [exclusion list=, ]
2024-03-15 10:11:37,970 [INFO] PluginManage:310 - Check plugin analytics
2024-03-15 10:11:38,066 [INFO] AnalyticsPlugin:253 - Accepted Software Licenses: 
2024-03-15 10:11:38,066 [INFO] AnalyticsPlugin:255 - Accepted CMSIS Pack Licenses: 
2024-03-15 10:11:38,067 [INFO] AnalyticsPlugin:257 - Accepted Firmware Licenses: 
2024-03-15 10:11:38,068 [INFO] PluginManage:359 - Loaded plugin analytics (category:tool,tabindex:-1)
2024-03-15 10:11:38,068 [INFO] PluginManage:310 - Check plugin cadmodel
2024-03-15 10:11:38,116 [INFO] CADModel:105 - Init CAD model plugin
2024-03-15 10:11:38,116 [INFO] PluginManage:359 - Loaded plugin cadmodel (category:power,tabindex:5)
2024-03-15 10:11:38,116 [INFO] PluginManage:310 - Check plugin clock
2024-03-15 10:11:38,124 [INFO] PluginManage:359 - Loaded plugin clock (category:base,tabindex:2)
2024-03-15 10:11:38,124 [INFO] PluginManage:310 - Check plugin ddr
2024-03-15 10:11:38,127 [INFO] PluginManage:359 - Loaded plugin ddr (category:tool,tabindex:6)
2024-03-15 10:11:38,127 [INFO] PluginManage:310 - Check plugin filemanager
2024-03-15 10:11:38,211 [INFO] PluginManage:359 - Loaded plugin filemanager (category:base,tabindex:10)
2024-03-15 10:11:38,211 [INFO] PluginManage:310 - Check plugin ipmanager
2024-03-15 10:11:38,215 [INFO] PluginManage:359 - Loaded plugin ipmanager (category:base,tabindex:5)
2024-03-15 10:11:38,215 [INFO] PluginManage:310 - Check plugin lpbam
2024-03-15 10:11:38,220 [INFO] PluginManage:359 - Loaded plugin lpbam (category:base,tabindex:0)
2024-03-15 10:11:38,221 [INFO] PluginManage:310 - Check plugin memorymap
2024-03-15 10:11:38,228 [INFO] PluginManage:359 - Loaded plugin memorymap (category:base,tabindex:4)
2024-03-15 10:11:38,228 [INFO] PluginManage:310 - Check plugin pinoutandconfiguration
2024-03-15 10:11:38,233 [INFO] PluginManage:359 - Loaded plugin pinoutandconfiguration (category:base,tabindex:1)
2024-03-15 10:11:38,233 [INFO] PluginManage:310 - Check plugin pinoutconfig
2024-03-15 10:11:38,285 [WARN] SupportedApi:132 - Cannot load RTOS API schema: s4s-elt-must-match.1: The content of 'definitions' must match (annotation?, (simpleType | complexType)?, (unique | key | keyref)*)). A problem was found starting at: attribute.
2024-03-15 10:11:38,365 [INFO] PluginManage:359 - Loaded plugin pinoutconfig (category:base,tabindex:0)
2024-03-15 10:11:38,365 [INFO] PluginManage:310 - Check plugin power
2024-03-15 10:11:38,371 [INFO] PluginManage:359 - Loaded plugin power (category:power,tabindex:4)
2024-03-15 10:11:38,371 [INFO] PluginManage:310 - Check plugin projectmanager
2024-03-15 10:11:38,381 [INFO] PluginManage:359 - Loaded plugin projectmanager (category:projectmanager,tabindex:3)
2024-03-15 10:11:38,381 [INFO] PluginManage:310 - Check plugin thirdparty
2024-03-15 10:11:38,447 [INFO] PluginManage:359 - Loaded plugin thirdparty (category:base,tabindex:-1)
2024-03-15 10:11:38,447 [WARN] IntegrityCheckThread:84 - waiting for thirdparty lock release [integrity check]
2024-03-15 10:11:38,447 [INFO] PluginManage:310 - Check plugin tools
2024-03-15 10:11:38,447 [INFO] IntegrityCheckThread:86 - entering critical section [integrity check]
2024-03-15 10:11:38,447 [INFO] ThirdPartyUpdaterWithRetryManager:70 - Updater plugin not ready yet. [1/15]
2024-03-15 10:11:38,449 [INFO] PluginManage:359 - Loaded plugin tools (category:base,tabindex:7)
2024-03-15 10:11:38,449 [INFO] PluginManage:310 - Check plugin tutovideos
2024-03-15 10:11:38,565 [INFO] PluginManage:359 - Loaded plugin tutovideos (category:base,tabindex:-1)
2024-03-15 10:11:38,565 [INFO] PluginManage:310 - Check plugin updater
2024-03-15 10:11:38,574 [INFO] PluginManage:359 - Loaded plugin updater (category:base,tabindex:12)
2024-03-15 10:11:38,574 [INFO] PluginManage:310 - Check plugin userauth
2024-03-15 10:11:38,579 [INFO] UserAuth:114 - Init User Auth plugin
2024-03-15 10:11:38,579 [INFO] PluginManage:359 - Loaded plugin userauth (category:base,tabindex:14)
2024-03-15 10:11:38,579 [INFO] PluginManage:283 - PluginManage : Loaded plugins [17]
2024-03-15 10:11:38,710 [INFO] PinOutPanel:1499 - setPackage(No Configuration,No Configuration)
2024-03-15 10:11:38,749 [INFO] CADModel:165 - CPN selected for project level
2024-03-15 10:11:38,749 [INFO] CADModel:114 - Register for checkConnection events
2024-03-15 10:11:38,759 [INFO] IPUIPlugin:80 - create IPUIPlugin
2024-03-15 10:11:38,760 [INFO] PluginManager:220 - loadIPPluginJar : add mdma
2024-03-15 10:11:38,764 [INFO] IPUIPlugin:80 - create IPUIPlugin
2024-03-15 10:11:38,764 [INFO] PluginManager:220 - loadIPPluginJar : add i2c
2024-03-15 10:11:38,768 [INFO] IPUIPlugin:80 - create IPUIPlugin
2024-03-15 10:11:38,768 [INFO] PluginManager:220 - loadIPPluginJar : add fmc
2024-03-15 10:11:38,769 [INFO] IPUIPlugin:80 - create IPUIPlugin
2024-03-15 10:11:38,770 [INFO] PluginManager:220 - loadIPPluginJar : add can
2024-03-15 10:11:38,770 [INFO] IPUIPlugin:80 - create IPUIPlugin
2024-03-15 10:11:38,771 [INFO] PluginManager:220 - loadIPPluginJar : add spi
2024-03-15 10:11:38,771 [INFO] IPUIPlugin:80 - create IPUIPlugin
2024-03-15 10:11:38,771 [INFO] PluginManager:220 - loadIPPluginJar : add tsc
2024-03-15 10:11:38,772 [INFO] IPUIPlugin:80 - create IPUIPlugin
2024-03-15 10:11:38,772 [INFO] PluginManager:220 - loadIPPluginJar : add fatfs
2024-03-15 10:11:38,773 [INFO] IPUIPlugin:80 - create IPUIPlugin
2024-03-15 10:11:38,773 [INFO] PluginManager:220 - loadIPPluginJar : add ts
2024-03-15 10:11:38,775 [INFO] IPUIPlugin:80 - create IPUIPlugin
2024-03-15 10:11:38,775 [INFO] PluginManager:220 - loadIPPluginJar : add ucpd
2024-03-15 10:11:38,777 [INFO] IPUIPlugin:80 - create IPUIPlugin
2024-03-15 10:11:38,777 [INFO] PluginManager:220 - loadIPPluginJar : add dma3
2024-03-15 10:11:38,779 [INFO] IPUIPlugin:80 - create IPUIPlugin
2024-03-15 10:11:38,779 [INFO] PluginManager:220 - loadIPPluginJar : add hash
2024-03-15 10:11:38,780 [INFO] IPUIPlugin:80 - create IPUIPlugin
2024-03-15 10:11:38,781 [INFO] PluginManager:220 - loadIPPluginJar : add tracer_emb
2024-03-15 10:11:38,782 [INFO] IPUIPlugin:80 - create IPUIPlugin
2024-03-15 10:11:38,782 [INFO] PluginManager:220 - loadIPPluginJar : add dfsdm
2024-03-15 10:11:38,783 [INFO] IPUIPlugin:80 - create IPUIPlugin
2024-03-15 10:11:38,783 [INFO] PluginManager:220 - loadIPPluginJar : add aes
2024-03-15 10:11:38,785 [INFO] IPUIPlugin:80 - create IPUIPlugin
2024-03-15 10:11:38,785 [INFO] PluginManager:220 - loadIPPluginJar : add sai
2024-03-15 10:11:38,788 [INFO] IPUIPlugin:80 - create IPUIPlugin
2024-03-15 10:11:38,789 [INFO] PluginManager:220 - loadIPPluginJar : add gpio
2024-03-15 10:11:38,790 [INFO] IPUIPlugin:80 - create IPUIPlugin
2024-03-15 10:11:38,790 [INFO] PluginManager:220 - loadIPPluginJar : add tim
2024-03-15 10:11:38,792 [INFO] IPUIPlugin:80 - create IPUIPlugin
2024-03-15 10:11:38,792 [INFO] PluginManager:220 - loadIPPluginJar : add touchsensing
2024-03-15 10:11:38,795 [INFO] IPUIPlugin:80 - create IPUIPlugin
2024-03-15 10:11:38,795 [INFO] PluginManager:220 - loadIPPluginJar : add stm32_wpan
2024-03-15 10:11:38,799 [INFO] IPUIPlugin:80 - create IPUIPlugin
2024-03-15 10:11:38,800 [INFO] PluginManager:220 - loadIPPluginJar : add freertos
2024-03-15 10:11:38,803 [INFO] IPUIPlugin:80 - create IPUIPlugin
2024-03-15 10:11:38,805 [INFO] PluginManager:220 - loadIPPluginJar : add plateformsettings
2024-03-15 10:11:38,809 [INFO] IPUIPlugin:80 - create IPUIPlugin
2024-03-15 10:11:38,809 [INFO] PluginManager:220 - loadIPPluginJar : add adc
2024-03-15 10:11:38,811 [INFO] IPUIPlugin:80 - create IPUIPlugin
2024-03-15 10:11:38,811 [INFO] PluginManager:220 - loadIPPluginJar : add resmgrutility
2024-03-15 10:11:38,813 [INFO] IPUIPlugin:80 - create IPUIPlugin
2024-03-15 10:11:38,813 [INFO] PluginManager:220 - loadIPPluginJar : add nvic
2024-03-15 10:11:38,817 [INFO] IPUIPlugin:80 - create IPUIPlugin
2024-03-15 10:11:38,817 [INFO] PluginManager:220 - loadIPPluginJar : add dma
2024-03-15 10:11:38,818 [INFO] IPUIPlugin:80 - create IPUIPlugin
2024-03-15 10:11:38,818 [INFO] PluginManager:220 - loadIPPluginJar : add usart
2024-03-15 10:11:38,821 [INFO] IPUIPlugin:80 - create IPUIPlugin
2024-03-15 10:11:38,822 [INFO] PluginManager:220 - loadIPPluginJar : add gic
2024-03-15 10:11:38,823 [INFO] IPUIPlugin:80 - create IPUIPlugin
2024-03-15 10:11:38,823 [INFO] PluginManager:220 - loadIPPluginJar : add usbx
2024-03-15 10:11:38,824 [INFO] IPUIPlugin:80 - create IPUIPlugin
2024-03-15 10:11:38,824 [INFO] PluginManager:220 - loadIPPluginJar : add gfxmmu
2024-03-15 10:11:38,825 [INFO] IPUIPlugin:80 - create IPUIPlugin
2024-03-15 10:11:38,825 [INFO] PluginManager:220 - loadIPPluginJar : add cryp
2024-03-15 10:11:38,826 [INFO] IPUIPlugin:80 - create IPUIPlugin
2024-03-15 10:11:38,826 [INFO] PluginManager:220 - loadIPPluginJar : add comp
2024-03-15 10:11:38,827 [INFO] IPUIPlugin:80 - create IPUIPlugin
2024-03-15 10:11:38,827 [INFO] PluginManager:220 - loadIPPluginJar : add i2s
2024-03-15 10:11:38,828 [INFO] IPUIPlugin:80 - create IPUIPlugin
2024-03-15 10:11:38,828 [INFO] PluginManager:220 - loadIPPluginJar : add ltdc
2024-03-15 10:11:38,828 [INFO] IPUIPlugin:80 - create IPUIPlugin
2024-03-15 10:11:38,828 [INFO] PluginManager:220 - loadIPPluginJar : add quadspi
2024-03-15 10:11:38,830 [INFO] IPUIPlugin:80 - create IPUIPlugin
2024-03-15 10:11:38,830 [INFO] PluginManager:220 - loadIPPluginJar : add openamp
2024-03-15 10:11:38,831 [INFO] IPUIPlugin:80 - create IPUIPlugin
2024-03-15 10:11:38,831 [INFO] PluginManager:220 - loadIPPluginJar : add pdm2pcm
2024-03-15 10:11:38,832 [INFO] IPUIPlugin:80 - create IPUIPlugin
2024-03-15 10:11:38,832 [INFO] PluginManager:220 - loadIPPluginJar : add opamp
2024-03-15 10:11:38,833 [INFO] IPUIPlugin:80 - create IPUIPlugin
2024-03-15 10:11:38,834 [INFO] PluginManager:220 - loadIPPluginJar : add lorawan
2024-03-15 10:11:38,835 [INFO] IPUIPlugin:80 - create IPUIPlugin
2024-03-15 10:11:38,835 [INFO] PluginManager:220 - loadIPPluginJar : add ipddr
2024-03-15 10:11:38,840 [INFO] IPUIPlugin:80 - create IPUIPlugin
2024-03-15 10:11:38,840 [INFO] PluginManager:220 - loadIPPluginJar : add linkedlist
2024-03-15 10:11:38,842 [INFO] IPUIPlugin:80 - create IPUIPlugin
2024-03-15 10:11:38,842 [INFO] PluginManager:220 - loadIPPluginJar : add gtzc
2024-03-15 10:11:38,844 [INFO] IPUIPlugin:80 - create IPUIPlugin
2024-03-15 10:11:38,844 [INFO] PluginManager:220 - loadIPPluginJar : add i3c
2024-03-15 10:11:38,844 [INFO] IPUIPlugin:80 - create IPUIPlugin
2024-03-15 10:11:38,845 [INFO] PluginManager:220 - loadIPPluginJar : add genericplugin
2024-03-15 10:11:38,938 [INFO] CADModel:165 - CPN selected for project level
2024-03-15 10:11:38,938 [INFO] CADModel:114 - Register for checkConnection events
2024-03-15 10:11:38,938 [FATAL] Updater:308 - Updater called before beeing initialized
2024-03-15 10:11:38,939 [ERROR] CADModel:125 - Updater not yet initialized, retry later 
2024-03-15 10:11:39,024 [INFO] CADModel:165 - CPN selected for project level
2024-03-15 10:11:39,024 [INFO] CADModel:114 - Register for checkConnection events
2024-03-15 10:11:39,024 [FATAL] Updater:308 - Updater called before beeing initialized
2024-03-15 10:11:39,024 [ERROR] CADModel:125 - Updater not yet initialized, retry later 
2024-03-15 10:11:39,027 [FATAL] Updater:308 - Updater called before beeing initialized
2024-03-15 10:11:39,068 [FATAL] Updater:308 - Updater called before beeing initialized
2024-03-15 10:11:39,071 [INFO] DbMcusAds:53 - JSON generation date=Wed Nov 29 07:52:27 ART 2023 (1701255147349)
2024-03-15 10:11:39,071 [FATAL] Updater:308 - Updater called before beeing initialized
2024-03-15 10:11:39,094 [WARN] DetailPanel:346 - Failed to get advertising image, set to default
2024-03-15 10:11:39,155 [FATAL] Updater:308 - Updater called before beeing initialized
2024-03-15 10:11:39,156 [FATAL] Updater:308 - Updater called before beeing initialized
2024-03-15 10:11:39,156 [FATAL] Updater:308 - Updater called before beeing initialized
2024-03-15 10:11:39,156 [WARN] DetailPanel:346 - Failed to get advertising image, set to default
2024-03-15 10:11:39,157 [FATAL] Updater:308 - Updater called before beeing initialized
2024-03-15 10:11:39,175 [ERROR] Updater:1120 - MainUpdater not yet initialized. External WinMGr cannot be set.
2024-03-15 10:11:39,177 [INFO] Updater:1056 - Updater Version found : 6.10.0
2024-03-15 10:11:39,191 [INFO] ApplicationProperties:184 - Using Application install path: /opt/st/stm32cubeide_1.14.0/plugins/com.st.stm32cube.common.mx_6.10.0.202311202037
2024-03-15 10:11:39,201 [ERROR] LogOutputStream:75 - [STDERR_REDIRECT] Mar 15, 2024 10:11:39 AM java.util.prefs.FileSystemPreferences$2 run
2024-03-15 10:11:39,201 [ERROR] LogOutputStream:75 - [STDERR_REDIRECT] WARNING: Could not create system preferences directory. System preferences are unusable.
2024-03-15 10:11:39,201 [ERROR] LogOutputStream:75 - [STDERR_REDIRECT] 
2024-03-15 10:11:39,409 [INFO] MainUpdater:2873 - connection check result : 10
2024-03-15 10:11:39,410 [INFO] MainUpdater:290 - Updater Check For Update Now.
2024-03-15 10:11:39,410 [INFO] MicroXplorer:498 - Change Database Version : DB.6.0.100
2024-03-15 10:11:39,414 [INFO] McuFinderGlobals:63 - Set McuFinder mode to 2 (CubeIDE integrated)
2024-03-15 10:11:39,415 [INFO] UserAuth:180 - activating auth plugin
2024-03-15 10:11:39,417 [INFO] UserAuth:404 - Internet connection configuration mode: 1
2024-03-15 10:11:39,428 [INFO] JxBrowserEngine:152 - Initiate JxBrowser Engine with user profile folder
2024-03-15 10:11:39,575 [INFO] CheckServerUpdateThread:120 - End of CheckServer Thread
2024-03-15 10:11:40,064 [INFO] WebApp:161 - Instantiating new browser for Auth
2024-03-15 10:11:40,541 [INFO] WebApp:780 - Register for checkConnection events
2024-03-15 10:11:40,542 [INFO] WebApp:414 - Apply proxy settings
2024-03-15 10:11:40,542 [INFO] WebApp:499 - Chromium requires no authentication
2024-03-15 10:11:40,546 [INFO] WebApp:442 - Direct internet connection detected
2024-03-15 10:11:40,662 [INFO] WebApp:192 - Starting web application
2024-03-15 10:11:40,662 [INFO] WebApp:544 - Web application path used /opt/st/stm32cubeide_1.14.0/plugins/com.st.stm32cube.common.mx_6.10.0.202311202037/db/plugins/mcufinder/reactClient1/index.html
2024-03-15 10:11:41,597 [WARN] PackLoader:240 - Cannot read IP mode file for STMicroelectronics.X-CUBE-SMBUS.2.1.0
2024-03-15 10:11:41,603 [WARN] PackLoader:240 - Cannot read IP mode file for STMicroelectronics.X-CUBE-TOUCHGFX.4.23.0
2024-03-15 10:11:41,625 [WARN] PackLoader:240 - Cannot read IP mode file for STMicroelectronics.X-CUBE-AZRTOS-F7.1.1.0
2024-03-15 10:11:41,636 [WARN] PackLoader:240 - Cannot read IP mode file for STMicroelectronics.FP-SNS-MOTENV1.4.3.2
2024-03-15 10:11:41,642 [WARN] PackLoader:240 - Cannot read IP mode file for STMicroelectronics.FP-SNS-FLIGHT1.5.0.2
2024-03-15 10:11:41,649 [WARN] PackLoader:240 - Cannot read IP mode file for STMicroelectronics.X-CUBE-DISPLAY.3.0.0
2024-03-15 10:11:41,658 [WARN] PackLoader:240 - Cannot read IP mode file for STMicroelectronics.X-CUBE-BLE1.7.0.0
2024-03-15 10:11:41,662 [WARN] PackLoader:240 - Cannot read IP mode file for emotas.I-CUBE-CANOPEN.1.3.0
2024-03-15 10:11:41,669 [WARN] PackLoader:240 - Cannot read IP mode file for STMicroelectronics.X-CUBE-BLEMGR.3.1.0
2024-03-15 10:11:41,676 [WARN] PackLoader:240 - Cannot read IP mode file for STMicroelectronics.FP-SNS-SMARTAG2.1.2.0
2024-03-15 10:11:41,686 [INFO] LogOutputStream:77 - [STDOUT_REDIRECT] 1 : Invalid condition id : UX_CORESTACK_Condition cause : null
2024-03-15 10:11:41,686 [INFO] LogOutputStream:77 - [STDOUT_REDIRECT] 1 : Invalid condition id : UX_CORESTACK_Condition cause : null
2024-03-15 10:11:41,687 [INFO] LogOutputStream:77 - [STDOUT_REDIRECT] 1 : Invalid condition id : UX_CORESTACK_Condition cause : null
2024-03-15 10:11:41,687 [INFO] LogOutputStream:77 - [STDOUT_REDIRECT] 1 : Invalid condition id : UX_CORESTACK_Condition cause : null
2024-03-15 10:11:41,687 [INFO] LogOutputStream:77 - [STDOUT_REDIRECT] 1 : Invalid condition id : UX_CORESTACK_Condition cause : null
2024-03-15 10:11:41,691 [WARN] PackLoader:240 - Cannot read IP mode file for STMicroelectronics.X-CUBE-AZRTOS-WL.2.0.0
2024-03-15 10:11:41,697 [WARN] PackLoader:240 - Cannot read IP mode file for WES.I-CUBE-Cesium.1.3.0
2024-03-15 10:11:41,714 [WARN] PackLoader:240 - Cannot read IP mode file for STMicroelectronics.X-CUBE-BLE2.3.3.0
2024-03-15 10:11:41,721 [WARN] PackLoader:240 - Cannot read IP mode file for STMicroelectronics.X-CUBE-ALGOBUILD.1.3.0
2024-03-15 10:11:41,749 [WARN] PackLoader:240 - Cannot read IP mode file for STMicroelectronics.X-CUBE-AZRTOS-G0.1.1.0
2024-03-15 10:11:41,766 [WARN] PackLoader:240 - Cannot read IP mode file for STMicroelectronics.X-CUBE-NFC4.3.0.0
2024-03-15 10:11:41,775 [WARN] PackLoader:240 - Cannot read IP mode file for STMicroelectronics.FP-ATR-SIGFOX1.3.2.0
2024-03-15 10:11:41,784 [WARN] PackLoader:240 - Cannot read IP mode file for STMicroelectronics.X-CUBE-EEPRMA1.5.1.0
2024-03-15 10:11:41,885 [WARN] PackLoader:240 - Cannot read IP mode file for SEGGER.I-CUBE-embOS.1.3.1
2024-03-15 10:11:41,966 [WARN] PackLoader:240 - Cannot read IP mode file for STMicroelectronics.X-CUBE-GNSS1.6.0.0
2024-03-15 10:11:41,999 [WARN] PackLoader:240 - Cannot read IP mode file for STMicroelectronics.X-CUBE-AZRTOS-F4.1.1.0
2024-03-15 10:11:42,009 [WARN] PackLoader:240 - Cannot read IP mode file for wolfSSL.I-CUBE-wolfSSL.5.6.6
2024-03-15 10:11:42,036 [WARN] PackLoader:240 - Cannot read IP mode file for STMicroelectronics.X-CUBE-AZRTOS-L5.2.0.0
2024-03-15 10:11:42,047 [WARN] PackLoader:240 - Cannot read IP mode file for ITTIA_DB.I-CUBE-ITTIADB.8.8.0
2024-03-15 10:11:42,052 [WARN] PackLoader:240 - Cannot read IP mode file for STMicroelectronics.X-CUBE-NFC7.1.0.1
2024-03-15 10:11:42,062 [WARN] PackLoader:240 - Cannot read IP mode file for STMicroelectronics.X-CUBE-NFC6.3.0.0
2024-03-15 10:11:42,067 [WARN] PackLoader:240 - Cannot read IP mode file for STMicroelectronics.X-CUBE-AI.8.1.0
2024-03-15 10:11:42,083 [WARN] ConditionMgr:438 - getConditionDescription Invalid condition id : LAN8742 Phy interface Condition cause : null
2024-03-15 10:11:42,084 [WARN] PackLoader:240 - Cannot read IP mode file for STMicroelectronics.X-CUBE-AZRTOS-L4.2.0.0
2024-03-15 10:11:42,087 [WARN] ConditionMgr:1039 - genDependencies : Invalid condition id : LAN8742 Phy interface Condition cause : null
2024-03-15 10:11:42,088 [WARN] ConditionMgr:1039 - genDependencies : Invalid condition id : LAN8742 Phy interface Condition cause : null
2024-03-15 10:11:42,089 [WARN] ConditionMgr:1039 - genDependencies : Invalid condition id : LAN8742 Phy interface Condition cause : null
2024-03-15 10:11:42,097 [WARN] PackLoader:240 - Cannot read IP mode file for STMicroelectronics.X-CUBE-SFXS2LP1.4.0.0
2024-03-15 10:11:42,114 [WARN] ConditionMgr:438 - getConditionDescription Invalid condition id : UX DEVICE CLASS RTOS Condition cause : null
2024-03-15 10:11:42,114 [WARN] ConditionMgr:438 - getConditionDescription Invalid condition id : UX DEVICE CLASS RTOS Condition cause : null
2024-03-15 10:11:42,117 [WARN] PackLoader:240 - Cannot read IP mode file for STMicroelectronics.X-CUBE-AZRTOS-WB.2.0.0
2024-03-15 10:11:42,118 [WARN] ConditionMgr:1039 - genDependencies : Invalid condition id : UX DEVICE CLASS RTOS Condition cause : null
2024-03-15 10:11:42,118 [WARN] ConditionMgr:1039 - genDependencies : Invalid condition id : UX DEVICE CLASS RTOS Condition cause : null
2024-03-15 10:11:42,118 [WARN] ConditionMgr:1039 - genDependencies : Invalid condition id : UX DEVICE CLASS RTOS Condition cause : null
2024-03-15 10:11:42,119 [WARN] ConditionMgr:1039 - genDependencies : Invalid condition id : UX DEVICE CLASS RTOS Condition cause : null
2024-03-15 10:11:42,119 [WARN] ConditionMgr:1039 - genDependencies : Invalid condition id : UX DEVICE CLASS RTOS Condition cause : null
2024-03-15 10:11:42,149 [WARN] PackLoader:240 - Cannot read IP mode file for STMicroelectronics.X-CUBE-SUBG2.5.0.0
2024-03-15 10:11:42,177 [WARN] PackLoader:240 - Cannot read IP mode file for STMicroelectronics.X-CUBE-AZRTOS-G4.2.0.0
2024-03-15 10:11:42,189 [WARN] PackLoader:240 - Cannot read IP mode file for Infineon.AIROC-Wi-Fi-Bluetooth-STM32.1.5.1
2024-03-15 10:11:42,196 [WARN] PackLoader:240 - Cannot read IP mode file for STMicroelectronics.FP-SNS-MOTENVWB1.1.3.1
2024-03-15 10:11:42,199 [WARN] PackLoader:240 - Cannot read IP mode file for STMicroelectronics.X-CUBE-ISPU.2.0.0
2024-03-15 10:11:42,235 [WARN] PackLoader:240 - Cannot read IP mode file for STMicroelectronics.X-CUBE-MEMS1.10.0.0
2024-03-15 10:11:42,417 [WARN] PackLoader:240 - Cannot read IP mode file for STMicroelectronics.X-CUBE-FREERTOS.1.1.0
2024-03-15 10:11:42,425 [WARN] PackLoader:240 - Cannot read IP mode file for portGmbH.I-Cube-SoM-uGOAL.1.1.0
2024-03-15 10:11:42,429 [WARN] PackLoader:240 - Cannot read IP mode file for STMicroelectronics.X-CUBE-ALS.1.0.1
2024-03-15 10:11:42,433 [WARN] PackLoader:240 - Cannot read IP mode file for STMicroelectronics.FP-ATR-ASTRA1.2.0.0
2024-03-15 10:11:42,453 [WARN] PackLoader:240 - Cannot read IP mode file for STMicroelectronics.X-CUBE-TOF1.3.4.0
2024-03-15 10:11:42,494 [WARN] PackLoader:240 - Cannot read IP mode file for STMicroelectronics.X-CUBE-TOF1.3.4.1
2024-03-15 10:11:42,524 [WARN] PackLoader:240 - Cannot read IP mode file for STMicroelectronics.X-CUBE-AZRTOS-H7.3.2.0
2024-03-15 10:11:42,527 [INFO] ThirdParty:978 - Integrity check success = true
2024-03-15 10:11:42,527 [INFO] IntegrityCheckThread:100 - exiting critical section [integrity check]
2024-03-15 10:11:42,527 [INFO] IntegrityCheckThread:103 - End integrity checks thread
2024-03-15 10:12:01,087 [ERROR] LogOutputStream:75 - [STDERR_REDIRECT] SLF4J: Failed to load class "org.slf4j.impl.StaticLoggerBinder".
2024-03-15 10:12:01,088 [ERROR] LogOutputStream:75 - [STDERR_REDIRECT] SLF4J: Defaulting to no-operation (NOP) logger implementation
2024-03-15 10:12:01,088 [ERROR] LogOutputStream:75 - [STDERR_REDIRECT] SLF4J: See http://www.slf4j.org/codes.html#StaticLoggerBinder for further details.
2024-03-15 10:12:06,373 [ERROR] LogOutputStream:75 - [STDERR_REDIRECT] Mar 15, 2024 10:12:06 AM java.util.prefs.FileSystemPreferences checkLockFile0ErrorCode
2024-03-15 10:12:06,374 [ERROR] LogOutputStream:75 - [STDERR_REDIRECT] WARNING: Could not lock System prefs. Unix error code 30510.
2024-03-15 10:12:06,374 [ERROR] LogOutputStream:75 - [STDERR_REDIRECT] 
2024-03-15 10:12:06,375 [ERROR] LogOutputStream:75 - [STDERR_REDIRECT] Mar 15, 2024 10:12:06 AM java.util.prefs.FileSystemPreferences syncWorld
2024-03-15 10:12:06,375 [ERROR] LogOutputStream:75 - [STDERR_REDIRECT] WARNING: Couldn't flush system prefs: java.util.prefs.BackingStoreException: Couldn't get file lock.
2024-03-15 10:12:06,376 [ERROR] LogOutputStream:75 - [STDERR_REDIRECT] 
2024-03-15 10:12:36,366 [ERROR] LogOutputStream:75 - [STDERR_REDIRECT] Mar 15, 2024 10:12:36 AM java.util.prefs.FileSystemPreferences checkLockFile0ErrorCode
2024-03-15 10:12:36,367 [ERROR] LogOutputStream:75 - [STDERR_REDIRECT] WARNING: Could not lock System prefs. Unix error code 30510.
2024-03-15 10:12:36,367 [ERROR] LogOutputStream:75 - [STDERR_REDIRECT] 
2024-03-15 10:12:36,367 [ERROR] LogOutputStream:75 - [STDERR_REDIRECT] Mar 15, 2024 10:12:36 AM java.util.prefs.FileSystemPreferences syncWorld
2024-03-15 10:12:36,368 [ERROR] LogOutputStream:75 - [STDERR_REDIRECT] WARNING: Couldn't flush system prefs: java.util.prefs.BackingStoreException: Couldn't get file lock.
2024-03-15 10:12:36,368 [ERROR] LogOutputStream:75 - [STDERR_REDIRECT] 
2024-03-15 10:13:06,376 [ERROR] LogOutputStream:75 - [STDERR_REDIRECT] Mar 15, 2024 10:13:06 AM java.util.prefs.FileSystemPreferences checkLockFile0ErrorCode
2024-03-15 10:13:06,376 [ERROR] LogOutputStream:75 - [STDERR_REDIRECT] WARNING: Could not lock System prefs. Unix error code 30510.
2024-03-15 10:13:06,377 [ERROR] LogOutputStream:75 - [STDERR_REDIRECT] 
2024-03-15 10:13:06,377 [ERROR] LogOutputStream:75 - [STDERR_REDIRECT] Mar 15, 2024 10:13:06 AM java.util.prefs.FileSystemPreferences syncWorld
2024-03-15 10:13:06,378 [ERROR] LogOutputStream:75 - [STDERR_REDIRECT] WARNING: Couldn't flush system prefs: java.util.prefs.BackingStoreException: Couldn't get file lock.
2024-03-15 10:13:06,378 [ERROR] LogOutputStream:75 - [STDERR_REDIRECT] 
2024-03-15 10:13:36,366 [ERROR] LogOutputStream:75 - [STDERR_REDIRECT] Mar 15, 2024 10:13:36 AM java.util.prefs.FileSystemPreferences checkLockFile0ErrorCode
2024-03-15 10:13:36,366 [ERROR] LogOutputStream:75 - [STDERR_REDIRECT] WARNING: Could not lock System prefs. Unix error code 30510.
2024-03-15 10:13:36,366 [ERROR] LogOutputStream:75 - [STDERR_REDIRECT] 
2024-03-15 10:13:36,366 [ERROR] LogOutputStream:75 - [STDERR_REDIRECT] Mar 15, 2024 10:13:36 AM java.util.prefs.FileSystemPreferences syncWorld
2024-03-15 10:13:36,366 [ERROR] LogOutputStream:75 - [STDERR_REDIRECT] WARNING: Couldn't flush system prefs: java.util.prefs.BackingStoreException: Couldn't get file lock.
2024-03-15 10:13:36,366 [ERROR] LogOutputStream:75 - [STDERR_REDIRECT] 
2024-03-15 10:14:06,365 [ERROR] LogOutputStream:75 - [STDERR_REDIRECT] Mar 15, 2024 10:14:06 AM java.util.prefs.FileSystemPreferences checkLockFile0ErrorCode
2024-03-15 10:14:06,375 [ERROR] LogOutputStream:75 - [STDERR_REDIRECT] WARNING: Could not lock System prefs. Unix error code 30510.
2024-03-15 10:14:06,375 [ERROR] LogOutputStream:75 - [STDERR_REDIRECT] 
2024-03-15 10:14:06,376 [ERROR] LogOutputStream:75 - [STDERR_REDIRECT] Mar 15, 2024 10:14:06 AM java.util.prefs.FileSystemPreferences syncWorld
2024-03-15 10:14:06,376 [ERROR] LogOutputStream:75 - [STDERR_REDIRECT] WARNING: Couldn't flush system prefs: java.util.prefs.BackingStoreException: Couldn't get file lock.
2024-03-15 10:14:06,376 [ERROR] LogOutputStream:75 - [STDERR_REDIRECT] 
2024-03-15 10:14:36,366 [ERROR] LogOutputStream:75 - [STDERR_REDIRECT] Mar 15, 2024 10:14:36 AM java.util.prefs.FileSystemPreferences checkLockFile0ErrorCode
2024-03-15 10:14:36,366 [ERROR] LogOutputStream:75 - [STDERR_REDIRECT] WARNING: Could not lock System prefs. Unix error code 30510.
2024-03-15 10:14:36,366 [ERROR] LogOutputStream:75 - [STDERR_REDIRECT] 
2024-03-15 10:14:36,367 [ERROR] LogOutputStream:75 - [STDERR_REDIRECT] Mar 15, 2024 10:14:36 AM java.util.prefs.FileSystemPreferences syncWorld
2024-03-15 10:14:36,367 [ERROR] LogOutputStream:75 - [STDERR_REDIRECT] WARNING: Couldn't flush system prefs: java.util.prefs.BackingStoreException: Couldn't get file lock.
2024-03-15 10:14:36,367 [ERROR] LogOutputStream:75 - [STDERR_REDIRECT] 
2024-03-15 10:15:06,376 [ERROR] LogOutputStream:75 - [STDERR_REDIRECT] Mar 15, 2024 10:15:06 AM java.util.prefs.FileSystemPreferences checkLockFile0ErrorCode
2024-03-15 10:15:06,386 [ERROR] LogOutputStream:75 - [STDERR_REDIRECT] WARNING: Could not lock System prefs. Unix error code 30510.
2024-03-15 10:15:06,386 [ERROR] LogOutputStream:75 - [STDERR_REDIRECT] 
2024-03-15 10:15:06,387 [ERROR] LogOutputStream:75 - [STDERR_REDIRECT] Mar 15, 2024 10:15:06 AM java.util.prefs.FileSystemPreferences syncWorld
2024-03-15 10:15:06,387 [ERROR] LogOutputStream:75 - [STDERR_REDIRECT] WARNING: Couldn't flush system prefs: java.util.prefs.BackingStoreException: Couldn't get file lock.
2024-03-15 10:15:06,387 [ERROR] LogOutputStream:75 - [STDERR_REDIRECT] 
2024-03-15 10:15:36,368 [ERROR] LogOutputStream:75 - [STDERR_REDIRECT] Mar 15, 2024 10:15:36 AM java.util.prefs.FileSystemPreferences checkLockFile0ErrorCode
2024-03-15 10:15:36,368 [ERROR] LogOutputStream:75 - [STDERR_REDIRECT] WARNING: Could not lock System prefs. Unix error code 30510.
2024-03-15 10:15:36,368 [ERROR] LogOutputStream:75 - [STDERR_REDIRECT] 
2024-03-15 10:15:36,369 [ERROR] LogOutputStream:75 - [STDERR_REDIRECT] Mar 15, 2024 10:15:36 AM java.util.prefs.FileSystemPreferences syncWorld
2024-03-15 10:15:36,369 [ERROR] LogOutputStream:75 - [STDERR_REDIRECT] WARNING: Couldn't flush system prefs: java.util.prefs.BackingStoreException: Couldn't get file lock.
2024-03-15 10:15:36,369 [ERROR] LogOutputStream:75 - [STDERR_REDIRECT] 
2024-03-15 10:16:06,382 [ERROR] LogOutputStream:75 - [STDERR_REDIRECT] Mar 15, 2024 10:16:06 AM java.util.prefs.FileSystemPreferences checkLockFile0ErrorCode
2024-03-15 10:16:06,382 [ERROR] LogOutputStream:75 - [STDERR_REDIRECT] WARNING: Could not lock System prefs. Unix error code 0.
2024-03-15 10:16:06,382 [ERROR] LogOutputStream:75 - [STDERR_REDIRECT] 
2024-03-15 10:16:06,383 [ERROR] LogOutputStream:75 - [STDERR_REDIRECT] Mar 15, 2024 10:16:06 AM java.util.prefs.FileSystemPreferences syncWorld
2024-03-15 10:16:06,383 [ERROR] LogOutputStream:75 - [STDERR_REDIRECT] WARNING: Couldn't flush system prefs: java.util.prefs.BackingStoreException: Couldn't get file lock.
2024-03-15 10:16:06,384 [ERROR] LogOutputStream:75 - [STDERR_REDIRECT] 
2024-03-15 10:16:36,369 [ERROR] LogOutputStream:75 - [STDERR_REDIRECT] Mar 15, 2024 10:16:36 AM java.util.prefs.FileSystemPreferences checkLockFile0ErrorCode
2024-03-15 10:16:36,379 [ERROR] LogOutputStream:75 - [STDERR_REDIRECT] WARNING: Could not lock System prefs. Unix error code 30510.
2024-03-15 10:16:36,379 [ERROR] LogOutputStream:75 - [STDERR_REDIRECT] 
2024-03-15 10:16:36,379 [ERROR] LogOutputStream:75 - [STDERR_REDIRECT] Mar 15, 2024 10:16:36 AM java.util.prefs.FileSystemPreferences syncWorld
2024-03-15 10:16:36,380 [ERROR] LogOutputStream:75 - [STDERR_REDIRECT] WARNING: Couldn't flush system prefs: java.util.prefs.BackingStoreException: Couldn't get file lock.
2024-03-15 10:16:36,380 [ERROR] LogOutputStream:75 - [STDERR_REDIRECT] 
2024-03-15 10:16:37,545 [ERROR] LogOutputStream:75 - [STDERR_REDIRECT] 
